0 verbose cli C:\Program Files\nodejs\node.exe C:\Program Files\nodejs\node_modules\npm\bin\npm-cli.js
1 info using npm@9.6.7
2 info using node@v18.17.1
3 timing npm:load:whichnode Completed in 2ms
4 timing config:load:defaults Completed in 2ms
5 timing config:load:file:C:\Program Files\nodejs\node_modules\npm\npmrc Completed in 4ms
6 timing config:load:builtin Completed in 4ms
7 timing config:load:cli Completed in 2ms
8 timing config:load:env Completed in 1ms
9 timing config:load:file:C:\Users\Luhan\Downloads\PJ_API\.npmrc Completed in 0ms
10 timing config:load:project Completed in 1ms
11 timing config:load:file:C:\Users\Luhan\.npmrc Completed in 0ms
12 timing config:load:user Completed in 1ms
13 timing config:load:file:C:\Users\Luhan\AppData\Roaming\npm\etc\npmrc Completed in 0ms
14 timing config:load:global Completed in 0ms
15 timing config:load:setEnvs Completed in 1ms
16 timing config:load Completed in 12ms
17 timing npm:load:configload Completed in 12ms
18 timing npm:load:mkdirpcache Completed in 1ms
19 timing npm:load:mkdirplogs Completed in 0ms
20 verbose title npm install
21 verbose argv "install" "--logs-dir" "."
22 timing npm:load:setTitle Completed in 2ms
23 timing config:load:flatten Completed in 3ms
24 timing npm:load:display Completed in 3ms
25 verbose logfile logs-max:10 dir:C:\Users\Luhan\Downloads\PJ_API\2023-09-04T16_26_44_355Z-
26 verbose logfile C:\Users\Luhan\Downloads\PJ_API\2023-09-04T16_26_44_355Z-debug-0.log
27 timing npm:load:logFile Completed in 11ms
28 timing npm:load:timers Completed in 0ms
29 timing npm:load:configScope Completed in 0ms
30 timing npm:load Completed in 31ms
31 timing arborist:ctor Completed in 1ms
32 silly logfile done cleaning log files
33 timing idealTree:init Completed in 79ms
34 timing idealTree:userRequests Completed in 1ms
35 silly idealTree buildDeps
36 timing idealTree:#root Completed in 0ms
37 timing idealTree:buildDeps Completed in 1ms
38 timing idealTree:fixDepFlags Completed in 0ms
39 timing idealTree Completed in 83ms
40 timing arborist:ctor Completed in 0ms
41 timing reify:loadTrees Completed in 113ms
42 timing reify:diffTrees Completed in 6ms
43 silly reify moves {}
44 timing reify:retireShallow Completed in 2ms
45 timing reify:createSparse Completed in 3ms
46 timing reify:loadBundles Completed in 0ms
47 silly audit bulk request {
47 silly audit   '@socket.io/component-emitter': [ '3.1.0' ],
47 silly audit   '@types/cookie': [ '0.4.1' ],
47 silly audit   '@types/cors': [ '2.8.13' ],
47 silly audit   '@types/node': [ '20.5.9' ],
47 silly audit   abbrev: [ '1.1.1' ],
47 silly audit   accepts: [ '1.3.8' ],
47 silly audit   'ansi-styles': [ '4.3.0' ],
47 silly audit   anymatch: [ '3.1.3' ],
47 silly audit   'array-flatten': [ '1.1.1' ],
47 silly audit   async: [ '3.2.4' ],
47 silly audit   asynckit: [ '0.4.0' ],
47 silly audit   axios: [ '1.5.0' ],
47 silly audit   'balanced-match': [ '1.0.2' ],
47 silly audit   base64id: [ '2.0.0' ],
47 silly audit   'binary-extensions': [ '2.2.0' ],
47 silly audit   'body-parser': [ '1.20.1' ],
47 silly audit   'brace-expansion': [ '1.1.11', '2.0.1' ],
47 silly audit   braces: [ '3.0.2' ],
47 silly audit   bytes: [ '3.1.2' ],
47 silly audit   'call-bind': [ '1.0.2' ],
47 silly audit   chalk: [ '4.1.2' ],
47 silly audit   chokidar: [ '3.5.3' ],
47 silly audit   'color-convert': [ '2.0.1' ],
47 silly audit   'color-name': [ '1.1.4' ],
47 silly audit   'combined-stream': [ '1.0.8' ],
47 silly audit   'concat-map': [ '0.0.1' ],
47 silly audit   'content-disposition': [ '0.5.4' ],
47 silly audit   'content-type': [ '1.0.5' ],
47 silly audit   cookie: [ '0.5.0', '0.4.2' ],
47 silly audit   'cookie-signature': [ '1.0.6' ],
47 silly audit   cors: [ '2.8.5' ],
47 silly audit   debug: [ '2.6.9', '4.3.4', '3.2.7' ],
47 silly audit   'delayed-stream': [ '1.0.0' ],
47 silly audit   depd: [ '2.0.0' ],
47 silly audit   destroy: [ '1.2.0' ],
47 silly audit   'ee-first': [ '1.1.1' ],
47 silly audit   ejs: [ '3.1.9' ],
47 silly audit   encodeurl: [ '1.0.2' ],
47 silly audit   'engine.io': [ '6.5.2' ],
47 silly audit   'engine.io-parser': [ '5.2.1' ],
47 silly audit   ms: [ '2.1.2', '2.0.0', '2.1.3' ],
47 silly audit   'escape-html': [ '1.0.3' ],
47 silly audit   etag: [ '1.8.1' ],
47 silly audit   express: [ '4.18.2' ],
47 silly audit   filelist: [ '1.0.4' ],
47 silly audit   minimatch: [ '5.1.6', '3.1.2' ],
47 silly audit   'fill-range': [ '7.0.1' ],
47 silly audit   finalhandler: [ '1.2.0' ],
47 silly audit   'follow-redirects': [ '1.15.2' ],
47 silly audit   'form-data': [ '4.0.0' ],
47 silly audit   forwarded: [ '0.2.0' ],
47 silly audit   fresh: [ '0.5.2' ],
47 silly audit   fsevents: [ '2.3.3' ],
47 silly audit   'function-bind': [ '1.1.1' ],
47 silly audit   'get-intrinsic': [ '1.2.1' ],
47 silly audit   'glob-parent': [ '5.1.2' ],
47 silly audit   has: [ '1.0.3' ],
47 silly audit   'has-flag': [ '4.0.0', '3.0.0' ],
47 silly audit   'has-proto': [ '1.0.1' ],
47 silly audit   'has-symbols': [ '1.0.3' ],
47 silly audit   'http-errors': [ '2.0.0' ],
47 silly audit   'iconv-lite': [ '0.4.24' ],
47 silly audit   'ignore-by-default': [ '1.0.1' ],
47 silly audit   inherits: [ '2.0.4' ],
47 silly audit   'ipaddr.js': [ '1.9.1' ],
47 silly audit   'is-binary-path': [ '2.1.0' ],
47 silly audit   'is-extglob': [ '2.1.1' ],
47 silly audit   'is-glob': [ '4.0.3' ],
47 silly audit   'is-number': [ '7.0.0' ],
47 silly audit   jake: [ '10.8.7' ],
47 silly audit   'lru-cache': [ '6.0.0' ],
47 silly audit   'media-typer': [ '0.3.0' ],
47 silly audit   'merge-descriptors': [ '1.0.1' ],
47 silly audit   methods: [ '1.1.2' ],
47 silly audit   mime: [ '1.6.0' ],
47 silly audit   'mime-db': [ '1.52.0' ],
47 silly audit   'mime-types': [ '2.1.35' ],
47 silly audit   negotiator: [ '0.6.3' ],
47 silly audit   nodemon: [ '3.0.1' ],
47 silly audit   'supports-color': [ '5.5.0', '7.2.0' ],
47 silly audit   nopt: [ '1.0.10' ],
47 silly audit   'normalize-path': [ '3.0.0' ],
47 silly audit   'object-assign': [ '4.1.1' ],
47 silly audit   'object-inspect': [ '1.12.3' ],
47 silly audit   'on-finished': [ '2.4.1' ],
47 silly audit   parseurl: [ '1.3.3' ],
47 silly audit   'path-to-regexp': [ '0.1.7' ],
47 silly audit   picomatch: [ '2.3.1' ],
47 silly audit   'proxy-addr': [ '2.0.7' ],
47 silly audit   'proxy-from-env': [ '1.1.0' ],
47 silly audit   'pstree.remy': [ '1.1.8' ],
47 silly audit   qs: [ '6.11.0' ],
47 silly audit   'range-parser': [ '1.2.1' ],
47 silly audit   'raw-body': [ '2.5.1' ],
47 silly audit   readdirp: [ '3.6.0' ],
47 silly audit   'safe-buffer': [ '5.2.1' ],
47 silly audit   'safer-buffer': [ '2.1.2' ],
47 silly audit   semver: [ '7.5.4' ],
47 silly audit   send: [ '0.18.0' ],
47 silly audit   'serve-static': [ '1.15.0' ],
47 silly audit   setprototypeof: [ '1.2.0' ],
47 silly audit   'side-channel': [ '1.0.4' ],
47 silly audit   'simple-update-notifier': [ '2.0.0' ],
47 silly audit   'socket.io': [ '4.7.2' ],
47 silly audit   'socket.io-adapter': [ '2.5.2' ],
47 silly audit   'socket.io-parser': [ '4.2.4' ],
47 silly audit   statuses: [ '2.0.1' ],
47 silly audit   'to-regex-range': [ '5.0.1' ],
47 silly audit   toidentifier: [ '1.0.1' ],
47 silly audit   touch: [ '3.1.0' ],
47 silly audit   'type-is': [ '1.6.18' ],
47 silly audit   undefsafe: [ '2.0.5' ],
47 silly audit   unpipe: [ '1.0.0' ],
47 silly audit   'utils-merge': [ '1.0.1' ],
47 silly audit   vary: [ '1.1.2' ],
47 silly audit   ws: [ '8.11.0' ],
47 silly audit   yallist: [ '4.0.0' ]
47 silly audit }
48 verbose reify failed optional dependency C:\Users\Luhan\Downloads\PJ_API\node_modules\fsevents
49 silly reify mark deleted [ 'C:\\Users\\Luhan\\Downloads\\PJ_API\\node_modules\\fsevents' ]
50 timing reifyNode:node_modules/fsevents Completed in 49ms
51 timing reify:unpack Completed in 50ms
52 timing reify:unretire Completed in 0ms
53 timing build:queue Completed in 5ms
54 timing build:deps Completed in 5ms
55 timing build Completed in 5ms
56 timing reify:build Completed in 6ms
57 timing reify:trash Completed in 4ms
58 timing reify:save Completed in 29ms
59 http fetch POST 200 https://registry.npmjs.org/-/npm/v1/security/advisories/bulk 392ms
60 timing auditReport:getReport Completed in 398ms
61 silly audit report {}
62 timing auditReport:init Completed in 0ms
63 timing reify:audit Completed in 399ms
64 timing reify Completed in 528ms
65 silly ADD
66 timing command:install Completed in 541ms
67 verbose exit 0
68 timing npm Completed in 1212ms
69 info ok
